[0m2021-03-05 16:46:52 V/Net 2919025603: No BdhSession cache[0m
[0m2021-03-05 16:46:52 V/Net 2919025603: No server list cached.[0m
[92m2021-03-05 16:46:53 I/Net 2919025603: Connected to server msfwifi.3g.qq.com:8080[0m
[0m2021-03-05 16:46:53 V/Net 2919025603: Send: wtlogin.login[0m
[0m2021-03-05 16:46:53 V/Net 2919025603: Recv: LoginPacketResponse.Success[0m
[92m2021-03-05 16:46:53 I/Net 2919025603: Login successful[0m
[0m2021-03-05 16:46:53 V/Net 2919025603: Send: StatSvc.register[0m
[0m2021-03-05 16:46:53 V/Net 2919025603: Recv: Response(StatSvc.register)[0m
[92m2021-03-05 16:46:53 I/Net 2919025603: Scheduled key refresh in 5h 55min 0.0s.[0m
[0m2021-03-05 16:46:53 V/Net 2919025603: Send: StatSvc.register[0m
[0m2021-03-05 16:46:54 V/Net 2919025603: Recv: Response(StatSvc.register)[0m
[92m2021-03-05 16:46:54 I/Net 2919025603: Awaiting ConfigPushSvc.PushReq.[0m
[92m2021-03-05 16:46:54 I/Net 2919025603: Syncing friend message history...[0m
[92m2021-03-05 16:46:54 I/Net 2919025603: Start loading stranger list...[0m
[0m2021-03-05 16:46:54 V/Net 2919025603: Send: MessageSvc.PbGetMsg[0m
[0m2021-03-05 16:46:54 V/Net 2919025603: Send: StatSvc.GetDevLoginInfo[0m
[92m2021-03-05 16:46:54 I/Net 2919025603: Start loading friend list...[0m
[0m2021-03-05 16:46:54 V/Net 2919025603: Send: OidbSvc.0x5d2_0[0m
[0m2021-03-05 16:46:54 V/Net 2919025603: Send: OidbSvc.0x496[0m
[0m2021-03-05 16:46:54 V/Net 2919025603: Send: friendlist.getFriendGroupList[0m
[0m2021-03-05 16:46:54 V/Net 2919025603: Recv: StrangerList.GetStrangerList.Response(result=0)[0m
[92m2021-03-05 16:46:54 I/Net 2919025603: Successfully loaded stranger list: 0 in total[0m
[0m2021-03-05 16:46:54 V/Net 2919025603: Recv: StatSvc.GetDevLoginInfo.Response(deviceList.size=1)[0m
[0m2021-03-05 16:46:54 V/Net 2919025603: Recv: TroopManagement.GetTroopConfig.Response(true)[0m
[92m2021-03-05 16:46:54 I/Net 2919025603: Start loading group list...[0m
[0m2021-03-05 16:46:54 V/Net 2919025603: Send: friendlist.GetTroopListReqV2[0m
[0m2021-03-05 16:46:54 V/Net 2919025603: Send: MessageSvc.PbDeleteMsg[0m
[0m2021-03-05 16:46:54 V/Net 2919025603: Send: friendlist.GetTroopListReqV2[0m
[0m2021-03-05 16:46:54 V/Net 2919025603: Recv: FriendList.GetFriendGroupList.Response[0m
[0m2021-03-05 16:46:54 V/Net 2919025603: Recv: FriendList.GetFriendGroupList.Response[0m
[0m2021-03-05 16:46:54 V/Net 2919025603: Loading friend list: 21/21[0m
[92m2021-03-05 16:46:54 I/Net 2919025603: Successfully loaded friend list: 21 in total[0m
[0m2021-03-05 16:46:54 V/Net 2919025603: Send: friendlist.GetTroopMemberListReq[0m
[0m2021-03-05 16:46:54 V/Net 2919025603: Send: friendlist.GetTroopMemberListReq[0m
[0m2021-03-05 16:46:54 V/Net 2919025603: Send: friendlist.GetTroopMemberListReq[0m
[0m2021-03-05 16:46:54 V/Net 2919025603: Send: friendlist.GetTroopMemberListReq[0m
[0m2021-03-05 16:46:54 V/Net 2919025603: Send: friendlist.GetTroopMemberListReq[0m
[0m2021-03-05 16:46:54 V/Net 2919025603: Send: friendlist.GetTroopMemberListReq[0m
[0m2021-03-05 16:46:54 V/Net 2919025603: Send: friendlist.GetTroopMemberListReq[0m
[0m2021-03-05 16:46:54 V/Net 2919025603: Recv: FriendList.GetFriendGroupList.Response[0m
[0m2021-03-05 16:46:54 V/Net 2919025603: Send: friendlist.GetTroopMemberListReq[0m
[0m2021-03-05 16:46:54 V/Net 2919025603: Recv: FriendList.GetTroopMemberList.Response[0m
[0m2021-03-05 16:46:54 V/Net 2919025603: Recv: FriendList.GetTroopMemberList.Response[0m
[0m2021-03-05 16:46:54 V/Net 2919025603: Recv: FriendList.GetTroopMemberList.Response[0m
[0m2021-03-05 16:46:54 V/Net 2919025603: Recv: FriendList.GetTroopMemberList.Response[0m
[0m2021-03-05 16:46:54 V/Net 2919025603: Send: friendlist.GetTroopMemberListReq[0m
[0m2021-03-05 16:46:54 V/Net 2919025603: Send: friendlist.GetTroopMemberListReq[0m
[0m2021-03-05 16:46:54 V/Net 2919025603: Send: friendlist.GetTroopMemberListReq[0m
[0m2021-03-05 16:46:54 V/Net 2919025603: Send: friendlist.GetTroopMemberListReq[0m
[0m2021-03-05 16:46:54 V/Net 2919025603: Recv: FriendList.GetTroopMemberList.Response[0m
[0m2021-03-05 16:46:54 V/Net 2919025603: Recv: FriendList.GetTroopMemberList.Response[0m
[0m2021-03-05 16:46:54 V/Net 2919025603: Recv: FriendList.GetTroopMemberList.Response[0m
[0m2021-03-05 16:46:54 V/Net 2919025603: Send: friendlist.GetTroopMemberListReq[0m
[0m2021-03-05 16:46:54 V/Net 2919025603: Send: friendlist.GetTroopMemberListReq[0m
[0m2021-03-05 16:46:54 V/Net 2919025603: Recv: FriendList.GetTroopMemberList.Response[0m
[0m2021-03-05 16:46:54 V/Net 2919025603: Send: friendlist.GetTroopMemberListReq[0m
[0m2021-03-05 16:46:54 V/Net 2919025603: Recv: FriendList.GetTroopMemberList.Response[0m
[0m2021-03-05 16:46:54 V/Net 2919025603: Send: friendlist.GetTroopMemberListReq[0m
[0m2021-03-05 16:46:54 V/Net 2919025603: Recv: FriendList.GetTroopMemberList.Response[0m
[0m2021-03-05 16:46:54 V/Net 2919025603: Send: friendlist.GetTroopMemberListReq[0m
[0m2021-03-05 16:46:55 V/Net 2919025603: Recv: FriendList.GetTroopMemberList.Response[0m
[0m2021-03-05 16:46:55 V/Net 2919025603: Recv: FriendList.GetTroopMemberList.Response[0m
[0m2021-03-05 16:46:55 V/Net 2919025603: Send: friendlist.GetTroopMemberListReq[0m
[0m2021-03-05 16:46:55 V/Net 2919025603: Send: friendlist.GetTroopMemberListReq[0m
[0m2021-03-05 16:46:55 V/Net 2919025603: Recv: FriendList.GetTroopMemberList.Response[0m
[0m2021-03-05 16:46:55 V/Net 2919025603: Send: friendlist.GetTroopMemberListReq[0m
[0m2021-03-05 16:46:55 V/Net 2919025603: Recv: FriendList.GetTroopMemberList.Response[0m
[0m2021-03-05 16:46:55 V/Net 2919025603: Send: friendlist.GetTroopMemberListReq[0m
[0m2021-03-05 16:46:55 V/Net 2919025603: Recv: FriendList.GetTroopMemberList.Response[0m
[0m2021-03-05 16:46:55 V/Net 2919025603: Recv: FriendList.GetTroopMemberList.Response[0m
[0m2021-03-05 16:46:55 V/Net 2919025603: Send: friendlist.GetTroopMemberListReq[0m
[0m2021-03-05 16:46:55 V/Net 2919025603: Send: friendlist.GetTroopMemberListReq[0m
[0m2021-03-05 16:46:55 V/Net 2919025603: Recv: FriendList.GetTroopMemberList.Response[0m
[0m2021-03-05 16:46:55 V/Net 2919025603: Send: friendlist.GetTroopMemberListReq[0m
[0m2021-03-05 16:46:55 V/Net 2919025603: Recv: FriendList.GetTroopMemberList.Response[0m
[0m2021-03-05 16:46:55 V/Net 2919025603: Send: friendlist.GetTroopMemberListReq[0m
[0m2021-03-05 16:46:55 V/Net 2919025603: Recv: FriendList.GetTroopMemberList.Response[0m
[0m2021-03-05 16:46:55 V/Net 2919025603: Send: friendlist.GetTroopMemberListReq[0m
[0m2021-03-05 16:46:55 V/Net 2919025603: Recv: FriendList.GetTroopMemberList.Response[0m
[0m2021-03-05 16:46:55 V/Net 2919025603: Send: friendlist.GetTroopMemberListReq[0m
[0m2021-03-05 16:46:55 V/Net 2919025603: Recv: FriendList.GetTroopMemberList.Response[0m
[0m2021-03-05 16:46:55 V/Net 2919025603: Send: friendlist.GetTroopMemberListReq[0m
[0m2021-03-05 16:46:55 V/Net 2919025603: Recv: FriendList.GetTroopMemberList.Response[0m
[0m2021-03-05 16:46:55 V/Net 2919025603: Send: friendlist.GetTroopMemberListReq[0m
[0m2021-03-05 16:46:55 V/Net 2919025603: Recv: FriendList.GetTroopMemberList.Response[0m
[0m2021-03-05 16:46:55 V/Net 2919025603: Recv: FriendList.GetTroopMemberList.Response[0m
[0m2021-03-05 16:46:55 V/Net 2919025603: Send: friendlist.GetTroopMemberListReq[0m
[0m2021-03-05 16:46:55 V/Net 2919025603: Send: friendlist.GetTroopMemberListReq[0m
[0m2021-03-05 16:46:55 V/Net 2919025603: Recv: FriendList.GetTroopMemberList.Response[0m
[0m2021-03-05 16:46:55 V/Net 2919025603: Send: friendlist.GetTroopMemberListReq[0m
[0m2021-03-05 16:46:55 V/Net 2919025603: Recv: FriendList.GetTroopMemberList.Response[0m
[0m2021-03-05 16:46:55 V/Net 2919025603: Recv: FriendList.GetTroopMemberList.Response[0m
[0m2021-03-05 16:46:55 V/Net 2919025603: Send: friendlist.GetTroopMemberListReq[0m
[0m2021-03-05 16:46:55 V/Net 2919025603: Recv: FriendList.GetTroopMemberList.Response[0m
[0m2021-03-05 16:46:55 V/Net 2919025603: Send: friendlist.GetTroopMemberListReq[0m
[0m2021-03-05 16:46:55 V/Net 2919025603: Recv: FriendList.GetTroopMemberList.Response[0m
[0m2021-03-05 16:46:55 V/Net 2919025603: Send: friendlist.GetTroopMemberListReq[0m
[0m2021-03-05 16:46:55 V/Net 2919025603: Recv: FriendList.GetTroopMemberList.Response[0m
[0m2021-03-05 16:46:55 V/Net 2919025603: Recv: FriendList.GetTroopMemberList.Response[0m
[0m2021-03-05 16:46:55 V/Net 2919025603: Send: friendlist.GetTroopMemberListReq[0m
[0m2021-03-05 16:46:55 V/Net 2919025603: Recv: FriendList.GetTroopMemberList.Response[0m
[0m2021-03-05 16:46:55 V/Net 2919025603: Recv: FriendList.GetTroopMemberList.Response[0m
[0m2021-03-05 16:46:55 V/Net 2919025603: Send: friendlist.GetTroopMemberListReq[0m
[0m2021-03-05 16:46:55 V/Net 2919025603: Send: friendlist.GetTroopMemberListReq[0m
[0m2021-03-05 16:46:55 V/Net 2919025603: Recv: FriendList.GetTroopMemberList.Response[0m
[0m2021-03-05 16:46:55 V/Net 2919025603: Send: friendlist.GetTroopMemberListReq[0m
[0m2021-03-05 16:46:55 V/Net 2919025603: Recv: FriendList.GetTroopMemberList.Response[0m
[0m2021-03-05 16:46:55 V/Net 2919025603: Send: friendlist.GetTroopMemberListReq[0m
[0m2021-03-05 16:46:55 V/Net 2919025603: Recv: FriendList.GetTroopMemberList.Response[0m
[0m2021-03-05 16:46:55 V/Net 2919025603: Send: friendlist.GetTroopMemberListReq[0m
[0m2021-03-05 16:46:55 V/Net 2919025603: Recv: FriendList.GetTroopMemberList.Response[0m
[0m2021-03-05 16:46:55 V/Net 2919025603: Send: friendlist.GetTroopMemberListReq[0m
[0m2021-03-05 16:46:55 V/Net 2919025603: Recv: FriendList.GetTroopMemberList.Response[0m
[0m2021-03-05 16:46:55 V/Net 2919025603: Recv: FriendList.GetTroopMemberList.Response[0m
[0m2021-03-05 16:46:55 V/Net 2919025603: Send: friendlist.GetTroopMemberListReq[0m
[0m2021-03-05 16:46:55 V/Net 2919025603: Send: friendlist.GetTroopMemberListReq[0m
[0m2021-03-05 16:46:56 V/Net 2919025603: Recv: FriendList.GetTroopMemberList.Response[0m
[0m2021-03-05 16:46:56 V/Net 2919025603: Send: friendlist.GetTroopMemberListReq[0m
[0m2021-03-05 16:46:56 V/Net 2919025603: Recv: FriendList.GetTroopMemberList.Response[0m
[0m2021-03-05 16:46:56 V/Net 2919025603: Send: friendlist.GetTroopMemberListReq[0m
[0m2021-03-05 16:46:56 V/Net 2919025603: Recv: FriendList.GetTroopMemberList.Response[0m
[0m2021-03-05 16:46:56 V/Net 2919025603: Send: friendlist.GetTroopMemberListReq[0m
[0m2021-03-05 16:46:56 V/Net 2919025603: Recv: FriendList.GetTroopMemberList.Response[0m
[0m2021-03-05 16:46:56 V/Net 2919025603: Send: friendlist.GetTroopMemberListReq[0m
[0m2021-03-05 16:46:56 V/Net 2919025603: Recv: FriendList.GetTroopMemberList.Response[0m
[0m2021-03-05 16:46:56 V/Net 2919025603: Send: friendlist.GetTroopMemberListReq[0m
[0m2021-03-05 16:46:56 V/Net 2919025603: Recv: FriendList.GetTroopMemberList.Response[0m
[0m2021-03-05 16:46:56 V/Net 2919025603: Send: friendlist.GetTroopMemberListReq[0m
[0m2021-03-05 16:46:56 V/Net 2919025603: Recv: FriendList.GetTroopMemberList.Response[0m
[0m2021-03-05 16:46:56 V/Net 2919025603: Recv: FriendList.GetTroopMemberList.Response[0m
[0m2021-03-05 16:46:56 V/Net 2919025603: Send: friendlist.GetTroopMemberListReq[0m
[0m2021-03-05 16:46:56 V/Net 2919025603: Recv: FriendList.GetTroopMemberList.Response[0m
[0m2021-03-05 16:46:56 V/Net 2919025603: Recv: FriendList.GetTroopMemberList.Response[0m
[0m2021-03-05 16:46:56 V/Net 2919025603: Recv: FriendList.GetTroopMemberList.Response[0m
[0m2021-03-05 16:46:56 V/Net 2919025603: Send: friendlist.GetTroopMemberListReq[0m
[0m2021-03-05 16:46:56 V/Net 2919025603: Recv: FriendList.GetTroopMemberList.Response[0m
[92m2021-03-05 16:46:56 I/Net 2919025603: Successfully loaded group list: 7 in total.[0m
[0m2021-03-05 16:46:56 V/Net 2919025603: Recv: FriendList.GetTroopMemberList.Response[0m
[0m2021-03-05 16:46:56 V/Net 2919025603: Send: MessageSvc.PbGetMsg[0m
[0m2021-03-05 16:46:56 V/Net 2919025603: Send: MessageSvc.PbDeleteMsg[0m
[0m2021-03-05 16:46:56 V/Net 2919025603: Send: MessageSvc.PbGetMsg[0m
[0m2021-03-05 16:46:56 V/Net 2919025603: Recv: ConfigPushSvc.PushReq.PushReqResponse.ServerListPush[0m
[92m2021-03-05 16:46:56 I/Net 2919025603: Server list updated.[0m
[0m2021-03-05 16:46:56 V/Net 2919025603: No BdhSession to save to cache[0m
[0m2021-03-05 16:46:56 V/Net 2919025603: Saving server list to cache[0m
[0m2021-03-05 16:46:56 V/Net 2919025603: Send: ConfigPushSvc.PushResp[0m
[92m2021-03-05 16:46:56 I/Net 2919025603: ConfigPushSvc.PushReq: Server updated.[0m
[0m2021-03-05 16:46:56 V/Net 2919025603: Send: MessageSvc.PbDeleteMsg[0m
[0m2021-03-05 16:46:56 V/Net 2919025603: Send: MessageSvc.PbGetMsg[0m
[96m2021-03-05 16:46:56 D/Net 2919025603: Received unknown commandName: ConfigPushSvc.PushDomain[0m
[0m2021-03-05 16:46:56 V/Net 2919025603: Recv: ConfigPushSvc.PushReq.PushReqResponse.ConfigPush[0m
[0m2021-03-05 16:46:56 V/Net 2919025603: Saving bdh session to cache[0m
[0m2021-03-05 16:46:56 V/Net 2919025603: Send: ConfigPushSvc.PushResp[0m
[0m2021-03-05 16:46:56 V/Net 2919025603: Send: MessageSvc.PbDeleteMsg[0m
[96m2021-03-05 16:46:57 D/Net 2919025603: unknown PbGetMsg type 528, data=08 C7 01 12 BA 01 0A B7 01 10 A0 1F 82 FA 01 AF 01 08 9F 9C 01 10 C3 97 F3 EF 0A 18 DB F9 FF FF 03 20 91 4E 3A 99 01 0A 0C 08 04 10 01 18 01 58 02 60 81 92 01 12 0F E7 AC AC E4 B8 89 E9 A2 97 E6 9D BE E6 9E 9C 18 DE 87 83 82 06 2A 4D E4 BD A0 E4 B8 8E 23 6E 69 63 6B E7 9A 84 23 6E 61 6D 65 5F 31 30 30 30 34 31 23 69 63 6F 6E 5F 31 30 30 30 34 31 E5 8D B3 E5 B0 86 E6 B6 88 E5 A4 B1 EF BC 8C E4 BB 8A E5 A4 A9 E8 AE B0 E7 9D 80 E6 89 93 E5 8D A1 E5 93 A6 E3 80 82 58 00 C2 3E 20 62 34 32 63 34 30 64 63 31 35 36 63 31 36 31 61 37 30 32 31 32 64 39 62 39 33 31 63 33 33 35 30[0m
[96m2021-03-05 16:46:57 D/Net 2919025603: unknown PbGetMsg type 528, data=08 C7 01 12 D1 01 0A CE 01 08 00 10 A0 1F 82 FA 01 C4 01 08 92 4E 10 C3 97 F3 EF 0A 18 DB F9 FF FF 03 20 93 4E 2A 13 08 04 12 02 10 01 1A 0B 66 72 69 65 6E 64 5F 74 72 65 65 32 9A 01 08 04 12 88 01 10 00 18 80 E5 FE 81 06 20 00 2A 4E E4 BD A0 E4 B8 8E 23 6E 69 63 6B E5 B7 B2 E8 B6 85 E8 BF 87 31 E5 A4 A9 E6 9C AA E4 BA 92 E5 8F 91 E6 B6 88 E6 81 AF EF BC 8C 23 6E 61 6D 65 5F 31 30 30 30 34 31 23 69 63 6F 6E 5F 31 30 30 30 34 31 E5 B7 B2 E6 B6 88 E5 A4 B1 E3 80 82 30 FE 99 D7 F1 FF 2E 48 00 58 00 C2 3E 20 63 36 66 64 65 64 33 62 30 32 65 35 39 30 32 37 61 61 61 63 32 64 66 31 32 30 35 35 34 30 37 39 1A 0B 66 72 69 65 6E 64 5F 74 72 65 65[0m
[92m2021-03-05 16:46:57 I/Net 2919025603: Syncing friend message history: Success.[0m
